[debug] [2022-02-06T21:17:44.240Z] ----------------------------------------------------------------------
[debug] [2022-02-06T21:17:44.243Z] Command:       C:\Program Files\nodejs\node.exe C:\Users\aleks\AppData\Roaming\npm\node_modules\firebase-tools\lib\bin\firebase.js init
[debug] [2022-02-06T21:17:44.244Z] CLI Version:   10.1.4
[debug] [2022-02-06T21:17:44.244Z] Platform:      win32
[debug] [2022-02-06T21:17:44.244Z] Node Version:  v16.13.2
[debug] [2022-02-06T21:17:44.246Z] Time:          Sun Feb 06 2022 22:17:44 GMT+0100 (Central European Standard Time)
[debug] [2022-02-06T21:17:44.246Z] ----------------------------------------------------------------------
[debug] 
[debug] [2022-02-06T21:17:44.261Z] > command requires scopes: ["email","openid","https://www.googleapis.com/auth/cloudplatformprojects.readonly","https://www.googleapis.com/auth/firebase","https://www.googleapis.com/auth/cloud-platform"]
[debug] [2022-02-06T21:17:44.261Z] > authorizing via signed-in user (aleksandarzikicnumb@gmail.com)
[info] 
     ######## #### ########  ######## ########     ###     ######  ########
     ##        ##  ##     ## ##       ##     ##  ##   ##  ##       ##
     ######    ##  ########  ######   ########  #########  ######  ######
     ##        ##  ##    ##  ##       ##     ## ##     ##       ## ##
     ##       #### ##     ## ######## ########  ##     ##  ######  ########

You're about to initialize a Firebase project in this directory:

  D:\IT\ItBootcamp\29_PROJEKAT_2.0

[info] 
=== Project Setup
[info] 
[info] First, let's associate this project directory with a Firebase project.
[info] You can create multiple project aliases by running firebase use --add, 
[info] but for now we'll just set up a default project.
[info] 
[debug] [2022-02-06T21:18:06.249Z] > refreshing access token with scopes: []
[debug] [2022-02-06T21:18:06.251Z] >>> HTTP REQUEST POST https://www.googleapis.com/oauth2/v3/token  
 <request body omitted>
[debug] [2022-02-06T21:18:06.494Z] <<< HTTP RESPONSE 200 {"pragma":"no-cache","date":"Sun, 06 Feb 2022 21:18:06 GMT","expires":"Mon, 01 Jan 1990 00:00:00 GMT","cache-control":"no-cache, no-store, max-age=0, must-revalidate","content-type":"application/json; charset=utf-8","vary":"X-Origin, Referer, Origin,Accept-Encoding","server":"scaffolding on HTTPServer2","x-xss-protection":"0","x-frame-options":"SAMEORIGIN","x-content-type-options":"nosniff","alt-svc":"h3=\":443\"; ma=2592000,h3-29=\":443\"; ma=2592000,h3-Q050=\":443\"; ma=2592000,h3-Q046=\":443\"; ma=2592000,h3-Q043=\":443\"; ma=2592000,quic=\":443\"; ma=2592000; v=\"46,43\"","accept-ranges":"none","transfer-encoding":"chunked"}
[debug] [2022-02-06T21:18:06.514Z] >>> [apiv2][query] GET https://firebase.googleapis.com/v1beta1/projects pageSize=100
[debug] [2022-02-06T21:18:06.993Z] <<< [apiv2][status] GET https://firebase.googleapis.com/v1beta1/projects 200
[debug] [2022-02-06T21:18:06.993Z] <<< [apiv2][body] GET https://firebase.googleapis.com/v1beta1/projects [omitted]
[info] i  Using project itbootcamp-4834a (ItBootcamp) 
[info] 
=== Hosting Setup
[info] 
[info] Your public directory is the folder (relative to your project directory) that
[info] will contain Hosting assets to be uploaded with firebase deploy. If you
[info] have a build process for your assets, use your build's output directory.
[info] 
[debug] [2022-02-06T21:18:55.255Z] >>> [apiv2][query] GET https://www.gstatic.com/firebasejs/releases.json [none]
[debug] [2022-02-06T21:18:55.419Z] <<< [apiv2][status] GET https://www.gstatic.com/firebasejs/releases.json 200
[debug] [2022-02-06T21:18:55.419Z] <<< [apiv2][body] GET https://www.gstatic.com/firebasejs/releases.json {"current":{"version":"9.6.6","browserURL":"https://www.gstatic.com/firebasejs/9.6.6/firebase.js","packageURL":"https://www.gstatic.com/firebasejs/9.6.6/firebase.tgz"},"live":{"version":"9.6","browserURL":"https://www.gstatic.com/firebasejs/live/9.6/firebase.js","packageURL":"https://www.gstatic.com/firebasejs/live/9.6/firebase.tgz"},"components":{"analytics":"https://www.gstatic.com/firebasejs/9.6.6/firebase-analytics.js","app":"https://www.gstatic.com/firebasejs/9.6.6/firebase-app.js","app-check":"https://www.gstatic.com/firebasejs/9.6.6/firebase-app-check.js","auth":"https://www.gstatic.com/firebasejs/9.6.6/firebase-auth.js","auth/cordova":"https://www.gstatic.com/firebasejs/9.6.6/firebase-auth/cordova.js","auth/react-native":"https://www.gstatic.com/firebasejs/9.6.6/firebase-auth/react-native.js","functions":"https://www.gstatic.com/firebasejs/9.6.6/firebase-functions.js","firestore":"https://www.gstatic.com/firebasejs/9.6.6/firebase-firestore.js","firestore/lite":"https://www.gstatic.com/firebasejs/9.6.6/firebase-firestore/lite.js","storage":"https://www.gstatic.com/firebasejs/9.6.6/firebase-storage.js","performance":"https://www.gstatic.com/firebasejs/9.6.6/firebase-performance.js","remote-config":"https://www.gstatic.com/firebasejs/9.6.6/firebase-remote-config.js","messaging":"https://www.gstatic.com/firebasejs/9.6.6/firebase-messaging.js","messaging/sw":"https://www.gstatic.com/firebasejs/9.6.6/firebase-messaging/sw.js","database":"https://www.gstatic.com/firebasejs/9.6.6/firebase-database.js","firestore.memory":"https://www.gstatic.com/firebasejs/9.6.6/firebase-firestore.memory.js"}}
[info] +  Wrote Public /index.html 
[info] 
[info] i  Detected a .git folder at D:\IT\ItBootcamp 
[info] i  Authorizing with GitHub to upload your service account to a GitHub repository's secrets store. 
[info] 
[info] Visit this URL on this device to log in:
[info] https://github.com/login/oauth/authorize?client_id=89cf50f02ac6aaed3484&state=793971868&redirect_uri=http%3A%2F%2Flocalhost%3A9005&scope=read%3Auser%20repo%20public_repo
[info] 
[info] Waiting for authentication...
[debug] [2022-02-06T21:19:04.974Z] >>> HTTP REQUEST POST https://github.com/login/oauth/access_token  
 {"client_id":"89cf50f02ac6aaed3484","client_secret":"3330d14abc895d9a74d5f17cd7a00711fa2c5bf0","code":"92e4fc66db251a85720b","redirect_uri":"http://localhost:9005","state":"793971868"}
[debug] [2022-02-06T21:19:05.304Z] <<< HTTP RESPONSE 200 {"server":"GitHub.com","date":"Sun, 06 Feb 2022 21:19:05 GMT","content-type":"application/json; charset=utf-8","transfer-encoding":"chunked","vary":"X-PJAX, X-PJAX-Container, Accept-Encoding, Accept, X-Requested-With","permissions-policy":"interest-cohort=()","etag":"W/\"3e011d1ec814dad33dce28a675d79911\"","cache-control":"max-age=0, private, must-revalidate","strict-transport-security":"max-age=31536000; includeSubdomains; preload","x-frame-options":"deny","x-content-type-options":"nosniff","x-xss-protection":"0","referrer-policy":"origin-when-cross-origin, strict-origin-when-cross-origin","expect-ct":"max-age=2592000, report-uri=\"https://api.github.com/_private/browser/errors\"","content-security-policy":"default-src 'none'; base-uri 'self'; block-all-mixed-content; child-src github.com/assets-cdn/worker/ gist.github.com/assets-cdn/worker/; connect-src 'self' uploads.github.com objects-origin.githubusercontent.com www.githubstatus.com collector.githubapp.com collector.github.com api.github.com github-cloud.s3.amazonaws.com github-production-repository-file-5c1aeb.s3.amazonaws.com github-production-upload-manifest-file-7fdce7.s3.amazonaws.com github-production-user-asset-6210df.s3.amazonaws.com cdn.optimizely.com logx.optimizely.com/v1/events translator.github.com wss://alive.github.com; font-src github.githubassets.com; form-action 'self' github.com gist.github.com objects-origin.githubusercontent.com; frame-ancestors 'none'; frame-src render.githubusercontent.com viewscreen.githubusercontent.com notebooks.githubusercontent.com; img-src 'self' data: github.githubassets.com identicons.github.com collector.githubapp.com collector.github.com github-cloud.s3.amazonaws.com secured-user-images.githubusercontent.com/ *.githubusercontent.com; manifest-src 'self'; media-src github.com user-images.githubusercontent.com/; script-src github.githubassets.com; style-src 'unsafe-inline' github.githubassets.com; worker-src github.com/assets-cdn/worker/ gist.github.com/assets-cdn/worker/","x-github-request-id":"FA60:10069:14153A6:162A766:62003B48"}
[debug] [2022-02-06T21:19:05.309Z] >>> [apiv2][query] GET https://api.github.com/user [none]
[debug] [2022-02-06T21:19:05.639Z] <<< [apiv2][status] GET https://api.github.com/user 200
[debug] [2022-02-06T21:19:05.639Z] <<< [apiv2][body] GET https://api.github.com/user {"login":"DesertFox9449","id":89971004,"node_id":"MDQ6VXNlcjg5OTcxMDA0","avatar_url":"https://avatars.githubusercontent.com/u/89971004?v=4","gravatar_id":"","url":"https://api.github.com/users/DesertFox9449","html_url":"https://github.com/DesertFox9449","followers_url":"https://api.github.com/users/DesertFox9449/followers","following_url":"https://api.github.com/users/DesertFox9449/following{/other_user}","gists_url":"https://api.github.com/users/DesertFox9449/gists{/gist_id}","starred_url":"https://api.github.com/users/DesertFox9449/starred{/owner}{/repo}","subscriptions_url":"https://api.github.com/users/DesertFox9449/subscriptions","organizations_url":"https://api.github.com/users/DesertFox9449/orgs","repos_url":"https://api.github.com/users/DesertFox9449/repos","events_url":"https://api.github.com/users/DesertFox9449/events{/privacy}","received_events_url":"https://api.github.com/users/DesertFox9449/received_events","type":"User","site_admin":false,"name":"Aleksandar Zikic","company":null,"blog":"","location":null,"email":null,"hireable":null,"bio":"Junior Web Developer","twitter_username":null,"public_repos":4,"public_gists":0,"followers":2,"following":5,"created_at":"2021-09-02T08:48:22Z","updated_at":"2022-01-15T17:00:19Z","private_gists":0,"total_private_repos":2,"owned_private_repos":2,"disk_usage":4650,"collaborators":1,"two_factor_authentication":false,"plan":{"name":"free","space":976562499,"collaborators":0,"private_repos":10000}}
[info] 
[info] +  Success! Logged into GitHub as DesertFox9449 
[info] 
